[2021-03-29 09:15:26,068] INFO Starting the log cleaner (kafka.log.LogCleaner)
[2021-03-29 09:15:26,116] INFO [kafka-log-cleaner-thread-0]: Starting (kafka.log.LogCleaner)
[2022-05-05 11:40:39,844] INFO Starting the log cleaner (kafka.log.LogCleaner)
[2022-05-05 11:40:39,893] INFO [kafka-log-cleaner-thread-0]: Starting (kafka.log.LogCleaner)
[2022-05-05 11:44:18,203] INFO Starting the log cleaner (kafka.log.LogCleaner)
[2022-05-05 11:44:19,244] INFO [kafka-log-cleaner-thread-0]: Starting (kafka.log.LogCleaner)
[2022-05-05 14:23:21,190] INFO Starting the log cleaner (kafka.log.LogCleaner)
[2022-05-05 14:23:21,981] INFO [kafka-log-cleaner-thread-0]: Starting (kafka.log.LogCleaner)
[2022-05-05 14:35:14,386] INFO Starting the log cleaner (kafka.log.LogCleaner)
[2022-05-05 14:35:14,435] INFO [kafka-log-cleaner-thread-0]: Starting (kafka.log.LogCleaner)
[2022-05-05 14:35:14,686] INFO Shutting down the log cleaner. (kafka.log.LogCleaner)
[2022-05-05 14:35:14,686] INFO [kafka-log-cleaner-thread-0]: Shutting down (kafka.log.LogCleaner)
[2022-05-05 14:35:14,686] INFO [kafka-log-cleaner-thread-0]: Stopped (kafka.log.LogCleaner)
[2022-05-05 14:35:14,686] INFO [kafka-log-cleaner-thread-0]: Shutdown completed (kafka.log.LogCleaner)
[2022-05-05 15:21:56,370] INFO Starting the log cleaner (kafka.log.LogCleaner)
[2022-05-05 15:21:56,417] INFO [kafka-log-cleaner-thread-0]: Starting (kafka.log.LogCleaner)
[2022-05-16 22:14:06,431] INFO Starting the log cleaner (kafka.log.LogCleaner)
[2022-05-16 22:14:06,516] INFO [kafka-log-cleaner-thread-0]: Starting (kafka.log.LogCleaner)
[2022-05-18 19:02:18,727] INFO Starting the log cleaner (kafka.log.LogCleaner)
[2022-05-18 19:02:18,809] INFO [kafka-log-cleaner-thread-0]: Starting (kafka.log.LogCleaner)
[2022-05-18 19:02:20,098] INFO Shutting down the log cleaner. (kafka.log.LogCleaner)
[2022-05-18 19:02:20,098] INFO [kafka-log-cleaner-thread-0]: Shutting down (kafka.log.LogCleaner)
[2022-05-18 19:02:20,099] INFO [kafka-log-cleaner-thread-0]: Stopped (kafka.log.LogCleaner)
[2022-05-18 19:02:20,099] INFO [kafka-log-cleaner-thread-0]: Shutdown completed (kafka.log.LogCleaner)
[2022-05-18 19:02:49,899] INFO Starting the log cleaner (kafka.log.LogCleaner)
[2022-05-18 19:02:49,988] INFO [kafka-log-cleaner-thread-0]: Starting (kafka.log.LogCleaner)
[2022-05-20 22:27:09,544] INFO Starting the log cleaner (kafka.log.LogCleaner)
[2022-05-20 22:27:09,625] INFO [kafka-log-cleaner-thread-0]: Starting (kafka.log.LogCleaner)
[2022-05-20 22:27:11,028] INFO Shutting down the log cleaner. (kafka.log.LogCleaner)
[2022-05-20 22:27:11,028] INFO [kafka-log-cleaner-thread-0]: Shutting down (kafka.log.LogCleaner)
[2022-05-20 22:27:11,029] INFO [kafka-log-cleaner-thread-0]: Stopped (kafka.log.LogCleaner)
[2022-05-20 22:27:11,029] INFO [kafka-log-cleaner-thread-0]: Shutdown completed (kafka.log.LogCleaner)
[2022-05-20 22:32:41,567] INFO Starting the log cleaner (kafka.log.LogCleaner)
[2022-05-20 22:32:41,666] INFO [kafka-log-cleaner-thread-0]: Starting (kafka.log.LogCleaner)
[2022-05-20 22:33:02,536] INFO Starting the log cleaner (kafka.log.LogCleaner)
[2022-05-20 22:33:02,616] INFO [kafka-log-cleaner-thread-0]: Starting (kafka.log.LogCleaner)
[2022-05-23 22:02:18,845] INFO Starting the log cleaner (kafka.log.LogCleaner)
[2022-05-23 22:02:18,890] INFO [kafka-log-cleaner-thread-0]: Starting (kafka.log.LogCleaner)
[2022-05-23 22:02:20,005] INFO Shutting down the log cleaner. (kafka.log.LogCleaner)
[2022-05-23 22:02:20,005] INFO [kafka-log-cleaner-thread-0]: Shutting down (kafka.log.LogCleaner)
[2022-05-23 22:02:20,005] INFO [kafka-log-cleaner-thread-0]: Stopped (kafka.log.LogCleaner)
[2022-05-23 22:02:20,005] INFO [kafka-log-cleaner-thread-0]: Shutdown completed (kafka.log.LogCleaner)
[2022-05-23 22:02:46,471] INFO Starting the log cleaner (kafka.log.LogCleaner)
[2022-05-23 22:02:46,519] INFO [kafka-log-cleaner-thread-0]: Starting (kafka.log.LogCleaner)
[2022-05-24 21:45:22,812] INFO Starting the log cleaner (kafka.log.LogCleaner)
[2022-05-24 21:45:22,921] INFO [kafka-log-cleaner-thread-0]: Starting (kafka.log.LogCleaner)
[2022-05-25 09:49:16,696] INFO Starting the log cleaner (kafka.log.LogCleaner)
[2022-05-25 09:49:16,875] INFO [kafka-log-cleaner-thread-0]: Starting (kafka.log.LogCleaner)
[2022-05-27 08:16:08,430] INFO Starting the log cleaner (kafka.log.LogCleaner)
[2022-05-27 08:16:08,503] INFO [kafka-log-cleaner-thread-0]: Starting (kafka.log.LogCleaner)
[2023-01-19 15:13:54,029] INFO Starting the log cleaner (kafka.log.LogCleaner)
[2023-01-19 15:13:54,077] INFO [kafka-log-cleaner-thread-0]: Starting (kafka.log.LogCleaner)
[2023-01-19 15:13:55,285] INFO Shutting down the log cleaner. (kafka.log.LogCleaner)
[2023-01-19 15:13:55,285] INFO [kafka-log-cleaner-thread-0]: Shutting down (kafka.log.LogCleaner)
[2023-01-19 15:13:55,285] INFO [kafka-log-cleaner-thread-0]: Stopped (kafka.log.LogCleaner)
[2023-01-19 15:13:55,285] INFO [kafka-log-cleaner-thread-0]: Shutdown completed (kafka.log.LogCleaner)
[2023-01-19 15:15:20,076] INFO Starting the log cleaner (kafka.log.LogCleaner)
[2023-01-19 15:15:20,157] INFO [kafka-log-cleaner-thread-0]: Starting (kafka.log.LogCleaner)
[2023-05-23 11:38:49,503] INFO Starting the log cleaner (kafka.log.LogCleaner)
[2023-05-23 11:38:49,564] INFO [kafka-log-cleaner-thread-0]: Starting (kafka.log.LogCleaner)
[2023-05-23 11:56:18,770] INFO Starting the log cleaner (kafka.log.LogCleaner)
[2023-05-23 11:56:18,863] INFO [kafka-log-cleaner-thread-0]: Starting (kafka.log.LogCleaner)
[2023-05-23 13:57:02,150] INFO Starting the log cleaner (kafka.log.LogCleaner)
[2023-05-23 13:57:02,213] INFO [kafka-log-cleaner-thread-0]: Starting (kafka.log.LogCleaner)
[2023-05-23 14:00:24,374] INFO Starting the log cleaner (kafka.log.LogCleaner)
[2023-05-23 14:00:24,465] INFO [kafka-log-cleaner-thread-0]: Starting (kafka.log.LogCleaner)
[2023-05-23 16:55:59,881] INFO Starting the log cleaner (kafka.log.LogCleaner)
[2023-05-23 16:55:59,968] INFO [kafka-log-cleaner-thread-0]: Starting (kafka.log.LogCleaner)
[2023-05-23 16:56:01,353] INFO Shutting down the log cleaner. (kafka.log.LogCleaner)
[2023-05-23 16:56:01,353] INFO [kafka-log-cleaner-thread-0]: Shutting down (kafka.log.LogCleaner)
[2023-05-23 16:56:01,354] INFO [kafka-log-cleaner-thread-0]: Stopped (kafka.log.LogCleaner)
[2023-05-23 16:56:01,354] INFO [kafka-log-cleaner-thread-0]: Shutdown completed (kafka.log.LogCleaner)
[2023-05-23 16:57:42,454] INFO Starting the log cleaner (kafka.log.LogCleaner)
[2023-05-23 16:57:42,600] INFO [kafka-log-cleaner-thread-0]: Starting (kafka.log.LogCleaner)
[2024-07-09 11:27:41,197] INFO Starting the log cleaner (kafka.log.LogCleaner)
[2024-07-09 11:27:41,314] INFO [kafka-log-cleaner-thread-0]: Starting (kafka.log.LogCleaner)
[2024-07-10 10:56:58,627] INFO Shutting down the log cleaner. (kafka.log.LogCleaner)
[2024-07-10 10:56:58,629] INFO [kafka-log-cleaner-thread-0]: Shutting down (kafka.log.LogCleaner)
[2024-07-10 10:56:58,629] INFO [kafka-log-cleaner-thread-0]: Stopped (kafka.log.LogCleaner)
[2024-07-10 10:56:58,629] INFO [kafka-log-cleaner-thread-0]: Shutdown completed (kafka.log.LogCleaner)
[2024-07-10 10:57:18,009] INFO Starting the log cleaner (kafka.log.LogCleaner)
[2024-07-10 10:57:18,054] INFO [kafka-log-cleaner-thread-0]: Starting (kafka.log.LogCleaner)
[2024-07-11 09:11:12,396] INFO Starting the log cleaner (kafka.log.LogCleaner)
[2024-07-11 09:11:12,482] INFO [kafka-log-cleaner-thread-0]: Starting (kafka.log.LogCleaner)
[2024-07-11 11:23:15,083] INFO Starting the log cleaner (kafka.log.LogCleaner)
[2024-07-11 11:23:15,223] INFO [kafka-log-cleaner-thread-0]: Starting (kafka.log.LogCleaner)
[2024-07-11 11:23:16,985] INFO Shutting down the log cleaner. (kafka.log.LogCleaner)
[2024-07-11 11:23:16,985] INFO [kafka-log-cleaner-thread-0]: Shutting down (kafka.log.LogCleaner)
[2024-07-11 11:23:16,986] INFO [kafka-log-cleaner-thread-0]: Stopped (kafka.log.LogCleaner)
[2024-07-11 11:23:16,986] INFO [kafka-log-cleaner-thread-0]: Shutdown completed (kafka.log.LogCleaner)
[2024-07-12 10:51:17,372] INFO Starting the log cleaner (kafka.log.LogCleaner)
[2024-07-12 10:51:17,471] INFO [kafka-log-cleaner-thread-0]: Starting (kafka.log.LogCleaner)
[2024-07-13 16:06:37,167] INFO Starting the log cleaner (kafka.log.LogCleaner)
[2024-07-13 16:06:37,467] INFO [kafka-log-cleaner-thread-0]: Starting (kafka.log.LogCleaner)
[2024-07-13 16:06:38,979] INFO Shutting down the log cleaner. (kafka.log.LogCleaner)
[2024-07-13 16:06:38,980] INFO [kafka-log-cleaner-thread-0]: Shutting down (kafka.log.LogCleaner)
[2024-07-13 16:06:38,980] INFO [kafka-log-cleaner-thread-0]: Stopped (kafka.log.LogCleaner)
[2024-07-13 16:06:38,980] INFO [kafka-log-cleaner-thread-0]: Shutdown completed (kafka.log.LogCleaner)
[2024-07-13 16:07:07,925] INFO Starting the log cleaner (kafka.log.LogCleaner)
[2024-07-13 16:07:08,020] INFO [kafka-log-cleaner-thread-0]: Starting (kafka.log.LogCleaner)
[2024-07-13 16:07:09,330] INFO Shutting down the log cleaner. (kafka.log.LogCleaner)
[2024-07-13 16:07:09,331] INFO [kafka-log-cleaner-thread-0]: Shutting down (kafka.log.LogCleaner)
[2024-07-13 16:07:09,331] INFO [kafka-log-cleaner-thread-0]: Stopped (kafka.log.LogCleaner)
[2024-07-13 16:07:09,331] INFO [kafka-log-cleaner-thread-0]: Shutdown completed (kafka.log.LogCleaner)
[2024-07-13 16:08:01,544] INFO Starting the log cleaner (kafka.log.LogCleaner)
[2024-07-13 16:08:01,664] INFO [kafka-log-cleaner-thread-0]: Starting (kafka.log.LogCleaner)
